<?xml version="1.0" encoding="UTF-8"?>
<!-- Generated by org.testng.reporters.JUnitReportReporter -->
<testsuite hostname="DESKTOP-BTBHEPN" failures="0" tests="2" name="testScripts.RegisterOpenCart" time="49.283" errors="0" timestamp="2020-10-12T11:37:44 IST" skipped="0">
  <testcase classname="testScripts.RegisterOpenCart" name="openCart" time="29.441"/>
  <system-out/>
  <testcase classname="testScripts.RegisterOpenCart" name="NegativeScenariosopenCart" time="19.842"/>
  <system-out/>
</testsuite> <!-- testScripts.RegisterOpenCart -->
