<?xml version="1.0" encoding="UTF-8"?>
<!-- Generated by org.testng.reporters.JUnitReportReporter -->
<testsuite hostname="DESKTOP-BTBHEPN" failures="0" tests="3" name="testScripts.NewTest" time="42.628" errors="0" timestamp="2020-10-08T16:39:06 IST" skipped="0">
  <testcase classname="testScripts.NewTest" name="seleniumTest" time="13.138"/>
  <system-out/>
  <testcase classname="testScripts.NewTest" name="javaTest" time="15.328"/>
  <system-out/>
  <testcase classname="testScripts.NewTest" name="cucumberTest" time="14.162"/>
  <system-out/>
</testsuite> <!-- testScripts.NewTest -->
