<?xml version="1.0" encoding="UTF-8"?>
<!-- Generated by org.testng.reporters.JUnitReportReporter -->
<testsuite hostname="DESKTOP-BTBHEPN" failures="0" tests="2" name="testScripts.LoginPage" time="12.257" errors="0" timestamp="2020-10-09T15:41:58 IST" skipped="0">
  <testcase classname="testScripts.LoginPage" name="loginTest" time="6.496"/>
  <system-out/>
  <testcase classname="testScripts.LoginPage" name="loginTest" time="5.761"/>
  <system-out/>
</testsuite> <!-- testScripts.LoginPage -->
