<?xml version="1.0" encoding="UTF-8"?>
<!-- Generated by org.testng.reporters.JUnitReportReporter -->
<testsuite hostname="DESKTOP-BTBHEPN" failures="0" tests="4" name="testScripts.SimpleTest" time="0.029" errors="0" timestamp="2020-10-09T16:11:30 IST" skipped="0">
  <testcase classname="testScripts.SimpleTest" name="sample2" time="0.003"/>
  <system-out/>
  <testcase classname="testScripts.SimpleTest" name="sample2" time="0.003"/>
  <system-out/>
  <testcase classname="testScripts.SimpleTest" name="sample1" time="0.020"/>
  <system-out/>
  <testcase classname="testScripts.SimpleTest" name="sample1" time="0.003"/>
  <system-out/>
</testsuite> <!-- testScripts.SimpleTest -->
